make.exe all --print-data-base --no-builtin-variables --no-builtin-rules --question
make: *** No rule to make target 'all'.  Stop.

# GNU Make 4.3
# Built for Windows32
# Copyright (C) 1988-2020 Free Software Foundation, Inc.
# License GPLv3+: GNU GPL version 3 or later <http://gnu.org/licenses/gpl.html>
# This is free software: you are free to change and redistribute it.
# There is NO WARRANTY, to the extent permitted by law.

# Make data base, printed on Tue Jun 21 09:23:05 2022

# Variables

# environment
FPS_BROWSER_APP_PROFILE_STRING = Internet Explorer
# environment
SYSTEMDRIVE = C:
# environment
LC_ALL = C
# environment
USERPROFILE = C:\Users\mahmu
# environment
IDF_PATH = C:\Users\mahmu\esp\esp-idf
# environment
LOCALAPPDATA = C:\Users\mahmu\AppData\Local
# environment
VSCODE_IPC_HOOK_EXTHOST = \\.\pipe\vscode-ipc-d9b5bbde-f386-49eb-8907-08bfb44922a2-sock
# environment
VSCODE_CWD = C:\Users\mahmu\AppData\Local\Programs\Microsoft VS Code
# environment
CHOCOLATEYINSTALL = C:\ProgramData\chocolatey
# environment
SYSTEMROOT = C:\Windows
# environment
PROCESSOR_LEVEL = 6
# environment
PSMODULEPATH = C:\Program Files\WindowsPowerShell\Modules;C:\Windows\system32\WindowsPowerShell\v1.0\Modules
# default
MAKE_COMMAND := C:/ProgramData/chocolatey/lib/make/tools/install/bin/make.exe
# automatic
@D = $(patsubst %/,%,$(patsubst %\,%,$(dir $@)))
# environment
CHROME_CRASHPAD_PIPE_NAME = \\.\pipe\crashpad_13472_WUOFBPTVTOOPXSET
# environment
FPS_BROWSER_USER_PROFILE_STRING = Default
# environment
VSCODE_HANDLES_UNCAUGHT_ERRORS = true
# default
.VARIABLES := 
# automatic
%D = $(patsubst %/,%,$(patsubst %\,%,$(dir $%)))
# automatic
^D = $(patsubst %/,%,$(patsubst %\,%,$(dir $^)))
# environment
VSCODE_LOG_STACK = false
# automatic
%F = $(notdir $%)
# environment
VSCODE_CODE_CACHE_PATH = C:\Users\mahmu\AppData\Roaming\Code\CachedData\30d9c6cd9483b2cc586687151bcbcd635f373630
# environment
LANG = C
# default
.LOADED := 
# environment
TMP = C:\Users\mahmu\AppData\Local\Temp
# default
.INCLUDE_DIRS = .
# environment
PROCESSOR_ARCHITEW6432 = AMD64
# makefile
MAKEFLAGS = pqrR
# environment
ONEDRIVE = C:\Users\mahmu\OneDrive
# makefile
CURDIR := d:/all_learning/programming/cpp_programming_playground/object_oriented_programming
# environment
VSCODE_PIPE_LOGGING = true
# environment
APPLICATION_INSIGHTS_NO_DIAGNOSTIC_CHANNEL = 1
# automatic
*D = $(patsubst %/,%,$(patsubst %\,%,$(dir $*)))
# environment
PROGRAMFILES = C:\Program Files (x86)
# environment
MFLAGS = -pqrR
# default
.SHELLFLAGS := -c
# environment
COMMONPROGRAMW6432 = C:\Program Files\Common Files
# automatic
+D = $(patsubst %/,%,$(patsubst %\,%,$(dir $+)))
# environment
IDF_TOOLS_PATH = C:\Users\mahmu\esp\Espressif
# makefile
MAKEFILE_LIST := 
# automatic
@F = $(notdir $@)
# environment
VSCODE_VERBOSE_LOGGING = true
# environment
VSCODE_PID = 13472
# automatic
?D = $(patsubst %/,%,$(patsubst %\,%,$(dir $?)))
# automatic
*F = $(notdir $*)
# automatic
<D = $(patsubst %/,%,$(patsubst %\,%,$(dir $<)))
# environment
VSCODE_NLS_CONFIG = {"locale":"en-gb","availableLanguages":{},"_languagePackSupport":true}
# environment
ONEDRIVECONSUMER = C:\Users\mahmu\OneDrive
# default
MAKE_HOST := Windows32
# environment
PROGRAMDATA = C:\ProgramData
# default
SHELL := sh.exe
# environment
HOMEPATH = \Users\mahmu
# environment
PLATFORMIO_CALLER = vscode
# default
MAKECMDGOALS := all
# environment
DRIVERDATA = C:\Windows\System32\Drivers\DriverData
# environment
COMSPEC = C:\Windows\system32\cmd.exe
# environment
WINDIR = C:\Windows
# environment
MAKELEVEL := 0
# default
MAKE = $(MAKE_COMMAND)
# environment
PATH = C:\Python310\Scripts\;C:\Python310\;C:\Program Files\Microsoft\jdk-11.0.12.7-hotspot\bin;C:\Windows\system32;C:\Windows;C:\Windows\System32\Wbem;C:\Windows\System32\WindowsPowerShell\v1.0\;C:\Windows\System32\OpenSSH\;C:\ProgramData\chocolatey\bin;C:\Program Files\Docker\Docker\resources\bin;C:\ProgramData\DockerDesktop\version-bin;C:\Program Files\dotnet\;C:\tools\dart-sdk;C:\Program Files\Git\cmd;C:\Users\mahmu\esp\Espressif\tools\xtensa-esp32s2-elf\esp-2021r2-patch3-8.4.0\xtensa-esp32s2-elf\bin;C:\Program Files\nodejs\;C:\Users\mahmu\.cargo\bin;C:\Users\mahmu\AppData\Local\Programs\Python\Python39\Scripts\;C:\Users\mahmu\AppData\Local\Programs\Python\Python39\;C:\Users\mahmu\AppData\Local\Microsoft\WindowsApps;C:\Users\mahmu\AppData\Local\Programs\Microsoft VS Code\bin;G:\arduino-cli_0.21.1_Windows_64bit;C:\MinGW\bin;C:\flutter\bin;C:\Users\mahmu\.dotnet\tools;C:\Espressif/tools/xtensa-esp32-elf-clang/esp-14.0.0-20220415-x86_64-pc-windows-msvc/bin/;C:\Users\mahmu/AppData/Local/Programs/jaguar;C:\Espressif\tools\idf-exe\1.0.3;C:\Users\mahmu\esp\Espressif/tools/xtensa-esp32-elf-clang/esp-14.0.0-20220415-x86_64-pc-windows-msvc/bin/;C:\Users\mahmu\esp\Espressif\tools\xtensa-esp32s2-elf\esp-2021r2-patch3-8.4.0\xtensa-esp32s2-elf\bin;C:\Users\mahmu\AppData\Roaming\npm
# environment
ZES_ENABLE_SYSMAN = 1
# environment
COMPUTERNAME = MYPC-299
# default
MAKEFILES := 
# automatic
^F = $(notdir $^)
# environment
PROMPT = $P$G
# environment
CHOCOLATEYLASTPATHUPDATE = 132921652043835665
# environment
LOGONSERVER = \\MYPC-299
# environment
VSCODE_LOG_NATIVE = false
# environment
USERNAME = mahmu
# environment
COMMONPROGRAMFILES = C:\Program Files (x86)\Common Files
# automatic
?F = $(notdir $?)
# environment
PROGRAMW6432 = C:\Program Files
# environment
NO_PROXY = 127.0.0.1
# environment
PATHEXT = .COM;.EXE;.BAT;.CMD;.VBS;.VBE;.JS;.JSE;.WSF;.WSH;.MSC;.PY;.PYW
# automatic
+F = $(notdir $+)
# environment
ORIGINAL_XDG_CURRENT_DESKTOP = undefined
# environment
USERDOMAIN = MYPC-299
# 'override' directive
GNUMAKEFLAGS := 
# environment
OS = Windows_NT
# environment
PLATFORMIO_PATH = C:\Users\mahmu\.platformio\python3;C:\Python310\Scripts\;C:\Python310\;C:\Program Files\Microsoft\jdk-11.0.12.7-hotspot\bin;C:\Windows\system32;C:\Windows;C:\Windows\System32\Wbem;C:\Windows\System32\WindowsPowerShell\v1.0\;C:\Windows\System32\OpenSSH\;C:\ProgramData\chocolatey\bin;C:\Program Files\Docker\Docker\resources\bin;C:\ProgramData\DockerDesktop\version-bin;C:\Program Files\dotnet\;C:\tools\dart-sdk;C:\Program Files\Git\cmd;C:\Users\mahmu\esp\Espressif\tools\xtensa-esp32s2-elf\esp-2021r2-patch3-8.4.0\xtensa-esp32s2-elf\bin;C:\Program Files\nodejs\;C:\Users\mahmu\.cargo\bin;C:\Users\mahmu\AppData\Local\Programs\Python\Python39\Scripts\;C:\Users\mahmu\AppData\Local\Programs\Python\Python39\;C:\Users\mahmu\AppData\Local\Microsoft\WindowsApps;C:\Users\mahmu\AppData\Local\Programs\Microsoft VS Code\bin;G:\arduino-cli_0.21.1_Windows_64bit;C:\MinGW\bin;C:\flutter\bin;C:\Users\mahmu\.dotnet\tools;C:\Espressif/tools/xtensa-esp32-elf-clang/esp-14.0.0-20220415-x86_64-pc-windows-msvc/bin/;C:\Users\mahmu/AppData/Local/Programs/jaguar;C:\Espressif\tools\idf-exe\1.0.3;C:\Users\mahmu\esp\Espressif/tools/xtensa-esp32-elf-clang/esp-14.0.0-20220415-x86_64-pc-windows-msvc/bin/;C:\Users\mahmu\esp\Espressif\tools\xtensa-esp32s2-elf\esp-2021r2-patch3-8.4.0\xtensa-esp32s2-elf\bin;C:\Users\mahmu\AppData\Roaming\npm;C:\Python310\Scripts\;C:\Python310\;C:\Program Files\Microsoft\jdk-11.0.12.7-hotspot\bin;C:\Windows\system32;C:\Windows;C:\Windows\System32\Wbem;C:\Windows\System32\WindowsPowerShell\v1.0\;C:\Windows\System32\OpenSSH\;C:\ProgramData\chocolatey\bin;C:\Program Files\Docker\Docker\resources\bin;C:\ProgramData\DockerDesktop\version-bin;C:\Program Files\dotnet\;C:\tools\dart-sdk;C:\Program Files\Git\cmd;C:\Users\mahmu\esp\Espressif\tools\xtensa-esp32s2-elf\esp-2021r2-patch3-8.4.0\xtensa-esp32s2-elf\bin;C:\Program Files\nodejs\;C:\Users\mahmu\.cargo\bin;C:\Users\mahmu\AppData\Local\Programs\Python\Python39\Scripts\;C:\Users\mahmu\AppData\Local\Programs\Python\Python39\;C:\Users\mahmu\AppData\Local\Microsoft\WindowsApps;C:\Users\mahmu\AppData\Local\Programs\Microsoft VS Code\bin;G:\arduino-cli_0.21.1_Windows_64bit;C:\MinGW\bin;C:\flutter\bin;C:\Users\mahmu\.dotnet\tools;C:\Espressif/tools/xtensa-esp32-elf-clang/esp-14.0.0-20220415-x86_64-pc-windows-msvc/bin/;C:\Users\mahmu/AppData/Local/Programs/jaguar;C:\Espressif\tools\idf-exe\1.0.3;C:\Users\mahmu\esp\Espressif/tools/xtensa-esp32-elf-clang/esp-14.0.0-20220415-x86_64-pc-windows-msvc/bin/;C:\Users\mahmu\esp\Espressif\tools\xtensa-esp32s2-elf\esp-2021r2-patch3-8.4.0\xtensa-esp32s2-elf\bin;C:\Users\mahmu\AppData\Roaming\npm
# makefile
.DEFAULT_GOAL := 
# default
MAKE_VERSION := 4.3
# environment
PROGRAMFILES(X86) = C:\Program Files (x86)
# environment
USERDOMAIN_ROAMINGPROFILE = MYPC-299
# environment
NUMBER_OF_PROCESSORS = 4
# environment
PUBLIC = C:\Users\Public
# environment
MOZ_PLUGIN_PATH = C:\Program Files (x86)\Foxit Software\Foxit Reader\plugins\
# environment
APPDATA = C:\Users\mahmu\AppData\Roaming
# environment
HOMEDRIVE = C:
# environment
PROCESSOR_ARCHITECTURE = x86
# environment
VSCODE_AMD_ENTRYPOINT = vs/workbench/api/node/extensionHostProcess
# environment
PLATFORMIO_IDE = 2.4.3
# environment
COMMONPROGRAMFILES(X86) = C:\Program Files (x86)\Common Files
# environment
ELECTRON_RUN_AS_NODE = 1
# environment
TEMP = C:\Users\mahmu\AppData\Local\Temp
# environment
VSCODE_IPC_HOOK = \\.\pipe\cbd65a7f3880dfc7ce68caff7ee16790-1.68.1-main-sock
# default
.RECIPEPREFIX := 
# automatic
<F = $(notdir $<)
# default
SUFFIXES := 
# environment
ALLUSERSPROFILE = C:\ProgramData
# environment
SESSIONNAME = Console
# default
.FEATURES := target-specific order-only second-expansion else-if shortest-stem undefine oneshell nocomment grouped-target extra-prereqs archives jobserver output-sync load
# environment
PROCESSOR_REVISION = 4e03
# environment
PROCESSOR_IDENTIFIER = Intel64 Family 6 Model 78 Stepping 3, GenuineIntel
# variable set hash-table stats:
# Load=105/1024=10%, Rehash=0, Collisions=12/129=9%

# Pattern-specific Variable Values

# No pattern-specific variable values.

# Directories

# . (key d:/all_learning/programming/cpp_programming_playground/object_oriented_programming, mtime 1655608908): 23 files, no impossibilities.

# 23 files, no impossibilities in 1 directories.

# Implicit Rules

# No implicit rules.

# Files

# Not a target:
Makefile:
#  Implicit rule search has been done.
#  File does not exist.
#  File has been updated.
#  Failed to be updated.

# Not a target:
.DEFAULT:
#  Implicit rule search has not been done.
#  Modification time never checked.
#  File has not been updated.

# Not a target:
all:
#  Command line target.
#  Implicit rule search has been done.
#  File does not exist.
#  File has not been updated.

# Not a target:
makefile:
#  Implicit rule search has been done.
#  File does not exist.
#  File has been updated.
#  Failed to be updated.

# Not a target:
makefile.mak:
#  Implicit rule search has been done.
#  File does not exist.
#  File has been updated.
#  Failed to be updated.

# Not a target:
GNUmakefile:
#  Implicit rule search has been done.
#  File does not exist.
#  File has been updated.
#  Failed to be updated.

# files hash-table stats:
# Load=7/1024=1%, Rehash=0, Collisions=0/16=0%
# VPATH Search Paths

# No 'vpath' search paths.

# No general ('VPATH' variable) search path.

# strcache buffers: 1 (0) / strings = 30 / storage = 528 B / avg = 17 B
# current buf: size = 8174 B / used = 528 B / count = 30 / avg = 17 B

# strcache performance: lookups = 33 / hit rate = 9%
# hash-table stats:
# Load=30/8192=0%, Rehash=0, Collisions=0/33=0%
# Finished Make data base on Tue Jun 21 09:23:05 2022

 
